[2024-08-14 00:09:16,567] INFO [Worker clientId=connect-1, groupId=connect-cluster] Session key updated (org.apache.kafka.connect.runtime.distributed.DistributedHerder:1578)
[2024-08-14 00:12:35,681] INFO [Worker clientId=connect-1, groupId=connect-cluster] Group coordinator localhost:9092 (id: 2147483647 rack: null) is unavailable or invalid due to cause: session timed out without receiving a heartbeat response.isDisconnected: false. Rediscovery will be attempted. (org.apache.kafka.clients.consumer.internals.AbstractCoordinator:904)
[2024-08-14 00:12:35,711] INFO [Consumer clientId=consumer-connect-cluster-1, groupId=connect-cluster] Error sending fetch request (sessionId=770845234, epoch=8298) to node 0: (org.apache.kafka.clients.FetchSessionHandler:481)
org.apache.kafka.common.errors.DisconnectException
[2024-08-14 00:12:35,711] INFO [Consumer clientId=consumer-connect-cluster-3, groupId=connect-cluster] Error sending fetch request (sessionId=2120419695, epoch=8308) to node 0: (org.apache.kafka.clients.FetchSessionHandler:481)
org.apache.kafka.common.errors.DisconnectException
[2024-08-14 00:12:35,711] INFO [Consumer clientId=consumer-connect-cluster-2, groupId=connect-cluster] Error sending fetch request (sessionId=137869459, epoch=10205) to node 0: (org.apache.kafka.clients.FetchSessionHandler:481)
org.apache.kafka.common.errors.DisconnectException
[2024-08-14 00:12:35,913] INFO [Worker clientId=connect-1, groupId=connect-cluster] Discovered group coordinator localhost:9092 (id: 2147483647 rack: null) (org.apache.kafka.clients.consumer.internals.AbstractCoordinator:847)
[2024-08-14 00:12:38,990] INFO [Worker clientId=connect-1, groupId=connect-cluster] Attempt to heartbeat with Generation{generationId=81, memberId='connect-1-bf505251-e16a-4006-9721-47afba987da5', protocol='sessioned'} and group instance id Optional.empty failed due to UNKNOWN_MEMBER_ID, resetting generation (org.apache.kafka.clients.consumer.internals.AbstractCoordinator:1121)
[2024-08-14 00:12:39,002] INFO [Worker clientId=connect-1, groupId=connect-cluster] Rebalance started (org.apache.kafka.connect.runtime.distributed.WorkerCoordinator:225)
[2024-08-14 00:12:39,002] INFO [Worker clientId=connect-1, groupId=connect-cluster] (Re-)joining group (org.apache.kafka.clients.consumer.internals.AbstractCoordinator:540)
[2024-08-14 00:12:39,026] INFO [Worker clientId=connect-1, groupId=connect-cluster] (Re-)joining group (org.apache.kafka.clients.consumer.internals.AbstractCoordinator:540)
[2024-08-14 00:12:39,037] INFO [Worker clientId=connect-1, groupId=connect-cluster] Successfully joined group with generation Generation{generationId=83, memberId='connect-1-adc22a3c-a6a7-47cb-ac73-d209814d4e7b', protocol='sessioned'} (org.apache.kafka.clients.consumer.internals.AbstractCoordinator:596)
[2024-08-14 00:12:39,063] INFO [Worker clientId=connect-1, groupId=connect-cluster] Successfully synced group in generation Generation{generationId=83, memberId='connect-1-adc22a3c-a6a7-47cb-ac73-d209814d4e7b', protocol='sessioned'} (org.apache.kafka.clients.consumer.internals.AbstractCoordinator:756)
[2024-08-14 00:12:39,065] INFO [Worker clientId=connect-1, groupId=connect-cluster] Joined group at generation 83 with protocol version 2 and got assignment: Assignment{error=0, leader='connect-1-adc22a3c-a6a7-47cb-ac73-d209814d4e7b', leaderUrl='http://192.168.35.185:8083/', offset=25, connectorIds=[], taskIds=[], revokedConnectorIds=[], revokedTaskIds=[], delay=0} with rebalance delay: 0 (org.apache.kafka.connect.runtime.distributed.DistributedHerder:1689)
[2024-08-14 00:12:39,069] WARN [Worker clientId=connect-1, groupId=connect-cluster] Catching up to assignment's config offset. (org.apache.kafka.connect.runtime.distributed.DistributedHerder:1095)
[2024-08-14 00:12:39,069] INFO [Worker clientId=connect-1, groupId=connect-cluster] Current config state offset 23 is behind group assignment 25, reading to end of config log (org.apache.kafka.connect.runtime.distributed.DistributedHerder:1158)
[2024-08-14 00:12:39,115] INFO [Worker clientId=connect-1, groupId=connect-cluster] Finished reading to end of log and updated config snapshot, new config log offset: 25 (org.apache.kafka.connect.runtime.distributed.DistributedHerder:1162)
[2024-08-14 00:12:39,115] INFO [Worker clientId=connect-1, groupId=connect-cluster] Starting connectors and tasks using config offset 25 (org.apache.kafka.connect.runtime.distributed.DistributedHerder:1216)
[2024-08-14 00:12:39,116] INFO [Worker clientId=connect-1, groupId=connect-cluster] Finished starting connectors and tasks (org.apache.kafka.connect.runtime.distributed.DistributedHerder:1244)
