[2024-08-12 23:59:39,899] INFO WorkerInfo values: 
	jvm.args = -Xms256M, -Xmx2G, -XX:+UseG1GC, -XX:MaxGCPauseMillis=20, -XX:InitiatingHeapOccupancyPercent=35, -XX:+ExplicitGCInvokesConcurrent, -XX:MaxInlineLevel=15, -Djava.awt.headless=true, -Dcom.sun.management.jmxremote, -Dcom.sun.management.jmxremote.authenticate=false, -Dcom.sun.management.jmxremote.ssl=false, -Dkafka.logs.dir=/Users/hyeonjinlee/Desktop/workspace/study/demo-spring-cloud-shop/kafka_2.13-2.7.0/bin/../logs, -Dlog4j.configuration=file:./bin/../config/connect-log4j.properties
	jvm.spec = Eclipse Adoptium, OpenJDK 64-Bit Server VM, 17.0.8.1, 17.0.8.1+1
	jvm.classpath = /Users/hyeonjinlee/Desktop/workspace/study/demo-spring-cloud-shop/kafka_2.13-2.7.0/bin/../libs/activation-1.1.1.jar:/Users/hyeonjinlee/Desktop/workspace/study/demo-spring-cloud-shop/kafka_2.13-2.7.0/bin/../libs/aopalliance-repackaged-2.6.1.jar:/Users/hyeonjinlee/Desktop/workspace/study/demo-spring-cloud-shop/kafka_2.13-2.7.0/bin/../libs/argparse4j-0.7.0.jar:/Users/hyeonjinlee/Desktop/workspace/study/demo-spring-cloud-shop/kafka_2.13-2.7.0/bin/../libs/audience-annotations-0.5.0.jar:/Users/hyeonjinlee/Desktop/workspace/study/demo-spring-cloud-shop/kafka_2.13-2.7.0/bin/../libs/commons-cli-1.4.jar:/Users/hyeonjinlee/Desktop/workspace/study/demo-spring-cloud-shop/kafka_2.13-2.7.0/bin/../libs/commons-lang3-3.8.1.jar:/Users/hyeonjinlee/Desktop/workspace/study/demo-spring-cloud-shop/kafka_2.13-2.7.0/bin/../libs/connect-api-2.7.0.jar:/Users/hyeonjinlee/Desktop/workspace/study/demo-spring-cloud-shop/kafka_2.13-2.7.0/bin/../libs/connect-basic-auth-extension-2.7.0.jar:/Users/hyeonjinlee/Desktop/workspace/study/demo-spring-cloud-shop/kafka_2.13-2.7.0/bin/../libs/connect-file-2.7.0.jar:/Users/hyeonjinlee/Desktop/workspace/study/demo-spring-cloud-shop/kafka_2.13-2.7.0/bin/../libs/connect-json-2.7.0.jar:/Users/hyeonjinlee/Desktop/workspace/study/demo-spring-cloud-shop/kafka_2.13-2.7.0/bin/../libs/connect-mirror-2.7.0.jar:/Users/hyeonjinlee/Desktop/workspace/study/demo-spring-cloud-shop/kafka_2.13-2.7.0/bin/../libs/connect-mirror-client-2.7.0.jar:/Users/hyeonjinlee/Desktop/workspace/study/demo-spring-cloud-shop/kafka_2.13-2.7.0/bin/../libs/connect-runtime-2.7.0.jar:/Users/hyeonjinlee/Desktop/workspace/study/demo-spring-cloud-shop/kafka_2.13-2.7.0/bin/../libs/connect-transforms-2.7.0.jar:/Users/hyeonjinlee/Desktop/workspace/study/demo-spring-cloud-shop/kafka_2.13-2.7.0/bin/../libs/hk2-api-2.6.1.jar:/Users/hyeonjinlee/Desktop/workspace/study/demo-spring-cloud-shop/kafka_2.13-2.7.0/bin/../libs/hk2-locator-2.6.1.jar:/Users/hyeonjinlee/Desktop/workspace/study/demo-spring-cloud-shop/kafka_2.13-2.7.0/bin/../libs/hk2-utils-2.6.1.jar:/Users/hyeonjinlee/Desktop/workspace/study/demo-spring-cloud-shop/kafka_2.13-2.7.0/bin/../libs/jackson-annotations-2.10.5.jar:/Users/hyeonjinlee/Desktop/workspace/study/demo-spring-cloud-shop/kafka_2.13-2.7.0/bin/../libs/jackson-core-2.10.5.jar:/Users/hyeonjinlee/Desktop/workspace/study/demo-spring-cloud-shop/kafka_2.13-2.7.0/bin/../libs/jackson-databind-2.10.5.1.jar:/Users/hyeonjinlee/Desktop/workspace/study/demo-spring-cloud-shop/kafka_2.13-2.7.0/bin/../libs/jackson-dataformat-csv-2.10.5.jar:/Users/hyeonjinlee/Desktop/workspace/study/demo-spring-cloud-shop/kafka_2.13-2.7.0/bin/../libs/jackson-datatype-jdk8-2.10.5.jar:/Users/hyeonjinlee/Desktop/workspace/study/demo-spring-cloud-shop/kafka_2.13-2.7.0/bin/../libs/jackson-jaxrs-base-2.10.5.jar:/Users/hyeonjinlee/Desktop/workspace/study/demo-spring-cloud-shop/kafka_2.13-2.7.0/bin/../libs/jackson-jaxrs-json-provider-2.10.5.jar:/Users/hyeonjinlee/Desktop/workspace/study/demo-spring-cloud-shop/kafka_2.13-2.7.0/bin/../libs/jackson-module-jaxb-annotations-2.10.5.jar:/Users/hyeonjinlee/Desktop/workspace/study/demo-spring-cloud-shop/kafka_2.13-2.7.0/bin/../libs/jackson-module-paranamer-2.10.5.jar:/Users/hyeonjinlee/Desktop/workspace/study/demo-spring-cloud-shop/kafka_2.13-2.7.0/bin/../libs/jackson-module-scala_2.13-2.10.5.jar:/Users/hyeonjinlee/Desktop/workspace/study/demo-spring-cloud-shop/kafka_2.13-2.7.0/bin/../libs/jakarta.activation-api-1.2.1.jar:/Users/hyeonjinlee/Desktop/workspace/study/demo-spring-cloud-shop/kafka_2.13-2.7.0/bin/../libs/jakarta.annotation-api-1.3.5.jar:/Users/hyeonjinlee/Desktop/workspace/study/demo-spring-cloud-shop/kafka_2.13-2.7.0/bin/../libs/jakarta.inject-2.6.1.jar:/Users/hyeonjinlee/Desktop/workspace/study/demo-spring-cloud-shop/kafka_2.13-2.7.0/bin/../libs/jakarta.validation-api-2.0.2.jar:/Users/hyeonjinlee/Desktop/workspace/study/demo-spring-cloud-shop/kafka_2.13-2.7.0/bin/../libs/jakarta.ws.rs-api-2.1.6.jar:/Users/hyeonjinlee/Desktop/workspace/study/demo-spring-cloud-shop/kafka_2.13-2.7.0/bin/../libs/jakarta.xml.bind-api-2.3.2.jar:/Users/hyeonjinlee/Desktop/workspace/study/demo-spring-cloud-shop/kafka_2.13-2.7.0/bin/../libs/javassist-3.25.0-GA.jar:/Users/hyeonjinlee/Desktop/workspace/study/demo-spring-cloud-shop/kafka_2.13-2.7.0/bin/../libs/javassist-3.26.0-GA.jar:/Users/hyeonjinlee/Desktop/workspace/study/demo-spring-cloud-shop/kafka_2.13-2.7.0/bin/../libs/javax.servlet-api-3.1.0.jar:/Users/hyeonjinlee/Desktop/workspace/study/demo-spring-cloud-shop/kafka_2.13-2.7.0/bin/../libs/javax.ws.rs-api-2.1.1.jar:/Users/hyeonjinlee/Desktop/workspace/study/demo-spring-cloud-shop/kafka_2.13-2.7.0/bin/../libs/jaxb-api-2.3.0.jar:/Users/hyeonjinlee/Desktop/workspace/study/demo-spring-cloud-shop/kafka_2.13-2.7.0/bin/../libs/jersey-client-2.31.jar:/Users/hyeonjinlee/Desktop/workspace/study/demo-spring-cloud-shop/kafka_2.13-2.7.0/bin/../libs/jersey-common-2.31.jar:/Users/hyeonjinlee/Desktop/workspace/study/demo-spring-cloud-shop/kafka_2.13-2.7.0/bin/../libs/jersey-container-servlet-2.31.jar:/Users/hyeonjinlee/Desktop/workspace/study/demo-spring-cloud-shop/kafka_2.13-2.7.0/bin/../libs/jersey-container-servlet-core-2.31.jar:/Users/hyeonjinlee/Desktop/workspace/study/demo-spring-cloud-shop/kafka_2.13-2.7.0/bin/../libs/jersey-hk2-2.31.jar:/Users/hyeonjinlee/Desktop/workspace/study/demo-spring-cloud-shop/kafka_2.13-2.7.0/bin/../libs/jersey-media-jaxb-2.31.jar:/Users/hyeonjinlee/Desktop/workspace/study/demo-spring-cloud-shop/kafka_2.13-2.7.0/bin/../libs/jersey-server-2.31.jar:/Users/hyeonjinlee/Desktop/workspace/study/demo-spring-cloud-shop/kafka_2.13-2.7.0/bin/../libs/jetty-client-9.4.33.v20201020.jar:/Users/hyeonjinlee/Desktop/workspace/study/demo-spring-cloud-shop/kafka_2.13-2.7.0/bin/../libs/jetty-continuation-9.4.33.v20201020.jar:/Users/hyeonjinlee/Desktop/workspace/study/demo-spring-cloud-shop/kafka_2.13-2.7.0/bin/../libs/jetty-http-9.4.33.v20201020.jar:/Users/hyeonjinlee/Desktop/workspace/study/demo-spring-cloud-shop/kafka_2.13-2.7.0/bin/../libs/jetty-io-9.4.33.v20201020.jar:/Users/hyeonjinlee/Desktop/workspace/study/demo-spring-cloud-shop/kafka_2.13-2.7.0/bin/../libs/jetty-security-9.4.33.v20201020.jar:/Users/hyeonjinlee/Desktop/workspace/study/demo-spring-cloud-shop/kafka_2.13-2.7.0/bin/../libs/jetty-server-9.4.33.v20201020.jar:/Users/hyeonjinlee/Desktop/workspace/study/demo-spring-cloud-shop/kafka_2.13-2.7.0/bin/../libs/jetty-servlet-9.4.33.v20201020.jar:/Users/hyeonjinlee/Desktop/workspace/study/demo-spring-cloud-shop/kafka_2.13-2.7.0/bin/../libs/jetty-servlets-9.4.33.v20201020.jar:/Users/hyeonjinlee/Desktop/workspace/study/demo-spring-cloud-shop/kafka_2.13-2.7.0/bin/../libs/jetty-util-9.4.33.v20201020.jar:/Users/hyeonjinlee/Desktop/workspace/study/demo-spring-cloud-shop/kafka_2.13-2.7.0/bin/../libs/jopt-simple-5.0.4.jar:/Users/hyeonjinlee/Desktop/workspace/study/demo-spring-cloud-shop/kafka_2.13-2.7.0/bin/../libs/kafka-clients-2.7.0.jar:/Users/hyeonjinlee/Desktop/workspace/study/demo-spring-cloud-shop/kafka_2.13-2.7.0/bin/../libs/kafka-log4j-appender-2.7.0.jar:/Users/hyeonjinlee/Desktop/workspace/study/demo-spring-cloud-shop/kafka_2.13-2.7.0/bin/../libs/kafka-raft-2.7.0.jar:/Users/hyeonjinlee/Desktop/workspace/study/demo-spring-cloud-shop/kafka_2.13-2.7.0/bin/../libs/kafka-streams-2.7.0.jar:/Users/hyeonjinlee/Desktop/workspace/study/demo-spring-cloud-shop/kafka_2.13-2.7.0/bin/../libs/kafka-streams-examples-2.7.0.jar:/Users/hyeonjinlee/Desktop/workspace/study/demo-spring-cloud-shop/kafka_2.13-2.7.0/bin/../libs/kafka-streams-scala_2.13-2.7.0.jar:/Users/hyeonjinlee/Desktop/workspace/study/demo-spring-cloud-shop/kafka_2.13-2.7.0/bin/../libs/kafka-streams-test-utils-2.7.0.jar:/Users/hyeonjinlee/Desktop/workspace/study/demo-spring-cloud-shop/kafka_2.13-2.7.0/bin/../libs/kafka-tools-2.7.0.jar:/Users/hyeonjinlee/Desktop/workspace/study/demo-spring-cloud-shop/kafka_2.13-2.7.0/bin/../libs/kafka_2.13-2.7.0-sources.jar:/Users/hyeonjinlee/Desktop/workspace/study/demo-spring-cloud-shop/kafka_2.13-2.7.0/bin/../libs/kafka_2.13-2.7.0.jar:/Users/hyeonjinlee/Desktop/workspace/study/demo-spring-cloud-shop/kafka_2.13-2.7.0/bin/../libs/log4j-1.2.17.jar:/Users/hyeonjinlee/Desktop/workspace/study/demo-spring-cloud-shop/kafka_2.13-2.7.0/bin/../libs/lz4-java-1.7.1.jar:/Users/hyeonjinlee/Desktop/workspace/study/demo-spring-cloud-shop/kafka_2.13-2.7.0/bin/../libs/maven-artifact-3.6.3.jar:/Users/hyeonjinlee/Desktop/workspace/study/demo-spring-cloud-shop/kafka_2.13-2.7.0/bin/../libs/metrics-core-2.2.0.jar:/Users/hyeonjinlee/Desktop/workspace/study/demo-spring-cloud-shop/kafka_2.13-2.7.0/bin/../libs/netty-buffer-4.1.51.Final.jar:/Users/hyeonjinlee/Desktop/workspace/study/demo-spring-cloud-shop/kafka_2.13-2.7.0/bin/../libs/netty-codec-4.1.51.Final.jar:/Users/hyeonjinlee/Desktop/workspace/study/demo-spring-cloud-shop/kafka_2.13-2.7.0/bin/../libs/netty-common-4.1.51.Final.jar:/Users/hyeonjinlee/Desktop/workspace/study/demo-spring-cloud-shop/kafka_2.13-2.7.0/bin/../libs/netty-handler-4.1.51.Final.jar:/Users/hyeonjinlee/Desktop/workspace/study/demo-spring-cloud-shop/kafka_2.13-2.7.0/bin/../libs/netty-resolver-4.1.51.Final.jar:/Users/hyeonjinlee/Desktop/workspace/study/demo-spring-cloud-shop/kafka_2.13-2.7.0/bin/../libs/netty-transport-4.1.51.Final.jar:/Users/hyeonjinlee/Desktop/workspace/study/demo-spring-cloud-shop/kafka_2.13-2.7.0/bin/../libs/netty-transport-native-epoll-4.1.51.Final.jar:/Users/hyeonjinlee/Desktop/workspace/study/demo-spring-cloud-shop/kafka_2.13-2.7.0/bin/../libs/netty-transport-native-unix-common-4.1.51.Final.jar:/Users/hyeonjinlee/Desktop/workspace/study/demo-spring-cloud-shop/kafka_2.13-2.7.0/bin/../libs/osgi-resource-locator-1.0.3.jar:/Users/hyeonjinlee/Desktop/workspace/study/demo-spring-cloud-shop/kafka_2.13-2.7.0/bin/../libs/paranamer-2.8.jar:/Users/hyeonjinlee/Desktop/workspace/study/demo-spring-cloud-shop/kafka_2.13-2.7.0/bin/../libs/plexus-utils-3.2.1.jar:/Users/hyeonjinlee/Desktop/workspace/study/demo-spring-cloud-shop/kafka_2.13-2.7.0/bin/../libs/reflections-0.9.12.jar:/Users/hyeonjinlee/Desktop/workspace/study/demo-spring-cloud-shop/kafka_2.13-2.7.0/bin/../libs/rocksdbjni-5.18.4.jar:/Users/hyeonjinlee/Desktop/workspace/study/demo-spring-cloud-shop/kafka_2.13-2.7.0/bin/../libs/scala-collection-compat_2.13-2.2.0.jar:/Users/hyeonjinlee/Desktop/workspace/study/demo-spring-cloud-shop/kafka_2.13-2.7.0/bin/../libs/scala-java8-compat_2.13-0.9.1.jar:/Users/hyeonjinlee/Desktop/workspace/study/demo-spring-cloud-shop/kafka_2.13-2.7.0/bin/../libs/scala-library-2.13.3.jar:/Users/hyeonjinlee/Desktop/workspace/study/demo-spring-cloud-shop/kafka_2.13-2.7.0/bin/../libs/scala-logging_2.13-3.9.2.jar:/Users/hyeonjinlee/Desktop/workspace/study/demo-spring-cloud-shop/kafka_2.13-2.7.0/bin/../libs/scala-reflect-2.13.3.jar:/Users/hyeonjinlee/Desktop/workspace/study/demo-spring-cloud-shop/kafka_2.13-2.7.0/bin/../libs/slf4j-api-1.7.30.jar:/Users/hyeonjinlee/Desktop/workspace/study/demo-spring-cloud-shop/kafka_2.13-2.7.0/bin/../libs/slf4j-log4j12-1.7.30.jar:/Users/hyeonjinlee/Desktop/workspace/study/demo-spring-cloud-shop/kafka_2.13-2.7.0/bin/../libs/snappy-java-1.1.7.7.jar:/Users/hyeonjinlee/Desktop/workspace/study/demo-spring-cloud-shop/kafka_2.13-2.7.0/bin/../libs/zookeeper-3.5.8.jar:/Users/hyeonjinlee/Desktop/workspace/study/demo-spring-cloud-shop/kafka_2.13-2.7.0/bin/../libs/zookeeper-jute-3.5.8.jar:/Users/hyeonjinlee/Desktop/workspace/study/demo-spring-cloud-shop/kafka_2.13-2.7.0/bin/../libs/zstd-jni-1.4.5-6.jar
	os.spec = Mac OS X, x86_64, 14.1
	os.vcpus = 8
 (org.apache.kafka.connect.runtime.WorkerInfo:71)
[2024-08-12 23:59:39,908] INFO Scanning for plugin classes. This might take a moment ... (org.apache.kafka.connect.cli.ConnectDistributed:90)
[2024-08-12 23:59:41,223] INFO Registered loader: jdk.internal.loader.ClassLoaders$AppClassLoader@251a69d7 (org.apache.kafka.connect.runtime.isolation.DelegatingClassLoader:269)
[2024-08-12 23:59:41,223] INFO Added plugin 'org.apache.kafka.connect.mirror.MirrorSourceConnector' (org.apache.kafka.connect.runtime.isolation.DelegatingClassLoader:198)
[2024-08-12 23:59:41,225] INFO Added plugin 'org.apache.kafka.connect.file.FileStreamSinkConnector' (org.apache.kafka.connect.runtime.isolation.DelegatingClassLoader:198)
[2024-08-12 23:59:41,225] INFO Added plugin 'org.apache.kafka.connect.file.FileStreamSourceConnector' (org.apache.kafka.connect.runtime.isolation.DelegatingClassLoader:198)
[2024-08-12 23:59:41,225] INFO Added plugin 'org.apache.kafka.connect.tools.SchemaSourceConnector' (org.apache.kafka.connect.runtime.isolation.DelegatingClassLoader:198)
[2024-08-12 23:59:41,225] INFO Added plugin 'org.apache.kafka.connect.tools.MockSourceConnector' (org.apache.kafka.connect.runtime.isolation.DelegatingClassLoader:198)
[2024-08-12 23:59:41,226] INFO Added plugin 'org.apache.kafka.connect.mirror.MirrorCheckpointConnector' (org.apache.kafka.connect.runtime.isolation.DelegatingClassLoader:198)
[2024-08-12 23:59:41,226] INFO Added plugin 'org.apache.kafka.connect.tools.VerifiableSinkConnector' (org.apache.kafka.connect.runtime.isolation.DelegatingClassLoader:198)
[2024-08-12 23:59:41,226] INFO Added plugin 'org.apache.kafka.connect.tools.VerifiableSourceConnector' (org.apache.kafka.connect.runtime.isolation.DelegatingClassLoader:198)
[2024-08-12 23:59:41,226] INFO Added plugin 'org.apache.kafka.connect.tools.MockSinkConnector' (org.apache.kafka.connect.runtime.isolation.DelegatingClassLoader:198)
[2024-08-12 23:59:41,226] INFO Added plugin 'org.apache.kafka.connect.mirror.MirrorHeartbeatConnector' (org.apache.kafka.connect.runtime.isolation.DelegatingClassLoader:198)
[2024-08-12 23:59:41,226] INFO Added plugin 'org.apache.kafka.connect.tools.MockConnector' (org.apache.kafka.connect.runtime.isolation.DelegatingClassLoader:198)
[2024-08-12 23:59:41,226] INFO Added plugin 'org.apache.kafka.connect.converters.FloatConverter' (org.apache.kafka.connect.runtime.isolation.DelegatingClassLoader:198)
[2024-08-12 23:59:41,226] INFO Added plugin 'org.apache.kafka.connect.converters.DoubleConverter' (org.apache.kafka.connect.runtime.isolation.DelegatingClassLoader:198)
[2024-08-12 23:59:41,228] INFO Added plugin 'org.apache.kafka.connect.converters.ByteArrayConverter' (org.apache.kafka.connect.runtime.isolation.DelegatingClassLoader:198)
[2024-08-12 23:59:41,228] INFO Added plugin 'org.apache.kafka.connect.converters.LongConverter' (org.apache.kafka.connect.runtime.isolation.DelegatingClassLoader:198)
[2024-08-12 23:59:41,228] INFO Added plugin 'org.apache.kafka.connect.converters.IntegerConverter' (org.apache.kafka.connect.runtime.isolation.DelegatingClassLoader:198)
[2024-08-12 23:59:41,228] INFO Added plugin 'org.apache.kafka.connect.json.JsonConverter' (org.apache.kafka.connect.runtime.isolation.DelegatingClassLoader:198)
[2024-08-12 23:59:41,228] INFO Added plugin 'org.apache.kafka.connect.storage.StringConverter' (org.apache.kafka.connect.runtime.isolation.DelegatingClassLoader:198)
[2024-08-12 23:59:41,228] INFO Added plugin 'org.apache.kafka.connect.converters.ShortConverter' (org.apache.kafka.connect.runtime.isolation.DelegatingClassLoader:198)
[2024-08-12 23:59:41,229] INFO Added plugin 'org.apache.kafka.connect.storage.SimpleHeaderConverter' (org.apache.kafka.connect.runtime.isolation.DelegatingClassLoader:198)
[2024-08-12 23:59:41,229] INFO Added plugin 'org.apache.kafka.connect.transforms.ReplaceField$Value' (org.apache.kafka.connect.runtime.isolation.DelegatingClassLoader:198)
[2024-08-12 23:59:41,230] INFO Added plugin 'org.apache.kafka.connect.transforms.SetSchemaMetadata$Value' (org.apache.kafka.connect.runtime.isolation.DelegatingClassLoader:198)
[2024-08-12 23:59:41,230] INFO Added plugin 'org.apache.kafka.connect.transforms.ReplaceField$Key' (org.apache.kafka.connect.runtime.isolation.DelegatingClassLoader:198)
[2024-08-12 23:59:41,230] INFO Added plugin 'org.apache.kafka.connect.transforms.Filter' (org.apache.kafka.connect.runtime.isolation.DelegatingClassLoader:198)
[2024-08-12 23:59:41,231] INFO Added plugin 'org.apache.kafka.connect.transforms.InsertField$Value' (org.apache.kafka.connect.runtime.isolation.DelegatingClassLoader:198)
[2024-08-12 23:59:41,232] INFO Added plugin 'org.apache.kafka.connect.transforms.TimestampConverter$Key' (org.apache.kafka.connect.runtime.isolation.DelegatingClassLoader:198)
[2024-08-12 23:59:41,232] INFO Added plugin 'org.apache.kafka.connect.transforms.MaskField$Value' (org.apache.kafka.connect.runtime.isolation.DelegatingClassLoader:198)
[2024-08-12 23:59:41,232] INFO Added plugin 'org.apache.kafka.connect.transforms.TimestampRouter' (org.apache.kafka.connect.runtime.isolation.DelegatingClassLoader:198)
[2024-08-12 23:59:41,233] INFO Added plugin 'org.apache.kafka.connect.transforms.RegexRouter' (org.apache.kafka.connect.runtime.isolation.DelegatingClassLoader:198)
[2024-08-12 23:59:41,233] INFO Added plugin 'org.apache.kafka.connect.transforms.HoistField$Value' (org.apache.kafka.connect.runtime.isolation.DelegatingClassLoader:198)
[2024-08-12 23:59:41,233] INFO Added plugin 'org.apache.kafka.connect.transforms.ValueToKey' (org.apache.kafka.connect.runtime.isolation.DelegatingClassLoader:198)
[2024-08-12 23:59:41,233] INFO Added plugin 'org.apache.kafka.connect.transforms.MaskField$Key' (org.apache.kafka.connect.runtime.isolation.DelegatingClassLoader:198)
[2024-08-12 23:59:41,233] INFO Added plugin 'org.apache.kafka.connect.transforms.Cast$Key' (org.apache.kafka.connect.runtime.isolation.DelegatingClassLoader:198)
[2024-08-12 23:59:41,233] INFO Added plugin 'org.apache.kafka.connect.transforms.Cast$Value' (org.apache.kafka.connect.runtime.isolation.DelegatingClassLoader:198)
[2024-08-12 23:59:41,233] INFO Added plugin 'org.apache.kafka.connect.runtime.PredicatedTransformation' (org.apache.kafka.connect.runtime.isolation.DelegatingClassLoader:198)
[2024-08-12 23:59:41,234] INFO Added plugin 'org.apache.kafka.connect.transforms.ExtractField$Key' (org.apache.kafka.connect.runtime.isolation.DelegatingClassLoader:198)
[2024-08-12 23:59:41,234] INFO Added plugin 'org.apache.kafka.connect.transforms.Flatten$Value' (org.apache.kafka.connect.runtime.isolation.DelegatingClassLoader:198)
[2024-08-12 23:59:41,234] INFO Added plugin 'org.apache.kafka.connect.transforms.InsertField$Key' (org.apache.kafka.connect.runtime.isolation.DelegatingClassLoader:198)
[2024-08-12 23:59:41,234] INFO Added plugin 'org.apache.kafka.connect.transforms.Flatten$Key' (org.apache.kafka.connect.runtime.isolation.DelegatingClassLoader:198)
[2024-08-12 23:59:41,234] INFO Added plugin 'org.apache.kafka.connect.transforms.SetSchemaMetadata$Key' (org.apache.kafka.connect.runtime.isolation.DelegatingClassLoader:198)
[2024-08-12 23:59:41,234] INFO Added plugin 'org.apache.kafka.connect.transforms.ExtractField$Value' (org.apache.kafka.connect.runtime.isolation.DelegatingClassLoader:198)
[2024-08-12 23:59:41,234] INFO Added plugin 'org.apache.kafka.connect.transforms.TimestampConverter$Value' (org.apache.kafka.connect.runtime.isolation.DelegatingClassLoader:198)
[2024-08-12 23:59:41,234] INFO Added plugin 'org.apache.kafka.connect.transforms.HoistField$Key' (org.apache.kafka.connect.runtime.isolation.DelegatingClassLoader:198)
[2024-08-12 23:59:41,234] INFO Added plugin 'org.apache.kafka.connect.transforms.predicates.HasHeaderKey' (org.apache.kafka.connect.runtime.isolation.DelegatingClassLoader:198)
[2024-08-12 23:59:41,234] INFO Added plugin 'org.apache.kafka.connect.transforms.predicates.RecordIsTombstone' (org.apache.kafka.connect.runtime.isolation.DelegatingClassLoader:198)
[2024-08-12 23:59:41,234] INFO Added plugin 'org.apache.kafka.connect.transforms.predicates.TopicNameMatches' (org.apache.kafka.connect.runtime.isolation.DelegatingClassLoader:198)
[2024-08-12 23:59:41,235] INFO Added plugin 'org.apache.kafka.common.config.provider.FileConfigProvider' (org.apache.kafka.connect.runtime.isolation.DelegatingClassLoader:198)
[2024-08-12 23:59:41,235] INFO Added plugin 'org.apache.kafka.connect.rest.basic.auth.extension.BasicAuthSecurityRestExtension' (org.apache.kafka.connect.runtime.isolation.DelegatingClassLoader:198)
[2024-08-12 23:59:41,235] INFO Added plugin 'org.apache.kafka.connect.connector.policy.AllConnectorClientConfigOverridePolicy' (org.apache.kafka.connect.runtime.isolation.DelegatingClassLoader:198)
[2024-08-12 23:59:41,235] INFO Added plugin 'org.apache.kafka.connect.connector.policy.PrincipalConnectorClientConfigOverridePolicy' (org.apache.kafka.connect.runtime.isolation.DelegatingClassLoader:198)
[2024-08-12 23:59:41,235] INFO Added plugin 'org.apache.kafka.connect.connector.policy.NoneConnectorClientConfigOverridePolicy' (org.apache.kafka.connect.runtime.isolation.DelegatingClassLoader:198)
[2024-08-12 23:59:41,238] INFO Added aliases 'FileStreamSinkConnector' and 'FileStreamSink' to plugin 'org.apache.kafka.connect.file.FileStreamSinkConnector' (org.apache.kafka.connect.runtime.isolation.DelegatingClassLoader:430)
[2024-08-12 23:59:41,239] INFO Added aliases 'FileStreamSourceConnector' and 'FileStreamSource' to plugin 'org.apache.kafka.connect.file.FileStreamSourceConnector' (org.apache.kafka.connect.runtime.isolation.DelegatingClassLoader:430)
[2024-08-12 23:59:41,239] INFO Added aliases 'MirrorCheckpointConnector' and 'MirrorCheckpoint' to plugin 'org.apache.kafka.connect.mirror.MirrorCheckpointConnector' (org.apache.kafka.connect.runtime.isolation.DelegatingClassLoader:430)
[2024-08-12 23:59:41,239] INFO Added aliases 'MirrorHeartbeatConnector' and 'MirrorHeartbeat' to plugin 'org.apache.kafka.connect.mirror.MirrorHeartbeatConnector' (org.apache.kafka.connect.runtime.isolation.DelegatingClassLoader:430)
[2024-08-12 23:59:41,239] INFO Added aliases 'MirrorSourceConnector' and 'MirrorSource' to plugin 'org.apache.kafka.connect.mirror.MirrorSourceConnector' (org.apache.kafka.connect.runtime.isolation.DelegatingClassLoader:430)
[2024-08-12 23:59:41,239] INFO Added aliases 'MockConnector' and 'Mock' to plugin 'org.apache.kafka.connect.tools.MockConnector' (org.apache.kafka.connect.runtime.isolation.DelegatingClassLoader:430)
[2024-08-12 23:59:41,240] INFO Added aliases 'MockSinkConnector' and 'MockSink' to plugin 'org.apache.kafka.connect.tools.MockSinkConnector' (org.apache.kafka.connect.runtime.isolation.DelegatingClassLoader:430)
[2024-08-12 23:59:41,240] INFO Added aliases 'MockSourceConnector' and 'MockSource' to plugin 'org.apache.kafka.connect.tools.MockSourceConnector' (org.apache.kafka.connect.runtime.isolation.DelegatingClassLoader:430)
[2024-08-12 23:59:41,240] INFO Added aliases 'SchemaSourceConnector' and 'SchemaSource' to plugin 'org.apache.kafka.connect.tools.SchemaSourceConnector' (org.apache.kafka.connect.runtime.isolation.DelegatingClassLoader:430)
[2024-08-12 23:59:41,240] INFO Added aliases 'VerifiableSinkConnector' and 'VerifiableSink' to plugin 'org.apache.kafka.connect.tools.VerifiableSinkConnector' (org.apache.kafka.connect.runtime.isolation.DelegatingClassLoader:430)
[2024-08-12 23:59:41,241] INFO Added aliases 'VerifiableSourceConnector' and 'VerifiableSource' to plugin 'org.apache.kafka.connect.tools.VerifiableSourceConnector' (org.apache.kafka.connect.runtime.isolation.DelegatingClassLoader:430)
[2024-08-12 23:59:41,241] INFO Added aliases 'ByteArrayConverter' and 'ByteArray' to plugin 'org.apache.kafka.connect.converters.ByteArrayConverter' (org.apache.kafka.connect.runtime.isolation.DelegatingClassLoader:430)
[2024-08-12 23:59:41,241] INFO Added aliases 'DoubleConverter' and 'Double' to plugin 'org.apache.kafka.connect.converters.DoubleConverter' (org.apache.kafka.connect.runtime.isolation.DelegatingClassLoader:430)
[2024-08-12 23:59:41,241] INFO Added aliases 'FloatConverter' and 'Float' to plugin 'org.apache.kafka.connect.converters.FloatConverter' (org.apache.kafka.connect.runtime.isolation.DelegatingClassLoader:430)
[2024-08-12 23:59:41,242] INFO Added aliases 'IntegerConverter' and 'Integer' to plugin 'org.apache.kafka.connect.converters.IntegerConverter' (org.apache.kafka.connect.runtime.isolation.DelegatingClassLoader:430)
[2024-08-12 23:59:41,242] INFO Added aliases 'LongConverter' and 'Long' to plugin 'org.apache.kafka.connect.converters.LongConverter' (org.apache.kafka.connect.runtime.isolation.DelegatingClassLoader:430)
[2024-08-12 23:59:41,242] INFO Added aliases 'ShortConverter' and 'Short' to plugin 'org.apache.kafka.connect.converters.ShortConverter' (org.apache.kafka.connect.runtime.isolation.DelegatingClassLoader:430)
[2024-08-12 23:59:41,242] INFO Added aliases 'JsonConverter' and 'Json' to plugin 'org.apache.kafka.connect.json.JsonConverter' (org.apache.kafka.connect.runtime.isolation.DelegatingClassLoader:430)
[2024-08-12 23:59:41,242] INFO Added aliases 'StringConverter' and 'String' to plugin 'org.apache.kafka.connect.storage.StringConverter' (org.apache.kafka.connect.runtime.isolation.DelegatingClassLoader:430)
[2024-08-12 23:59:41,242] INFO Added aliases 'ByteArrayConverter' and 'ByteArray' to plugin 'org.apache.kafka.connect.converters.ByteArrayConverter' (org.apache.kafka.connect.runtime.isolation.DelegatingClassLoader:430)
[2024-08-12 23:59:41,242] INFO Added aliases 'DoubleConverter' and 'Double' to plugin 'org.apache.kafka.connect.converters.DoubleConverter' (org.apache.kafka.connect.runtime.isolation.DelegatingClassLoader:430)
[2024-08-12 23:59:41,243] INFO Added aliases 'FloatConverter' and 'Float' to plugin 'org.apache.kafka.connect.converters.FloatConverter' (org.apache.kafka.connect.runtime.isolation.DelegatingClassLoader:430)
[2024-08-12 23:59:41,243] INFO Added aliases 'IntegerConverter' and 'Integer' to plugin 'org.apache.kafka.connect.converters.IntegerConverter' (org.apache.kafka.connect.runtime.isolation.DelegatingClassLoader:430)
[2024-08-12 23:59:41,243] INFO Added aliases 'LongConverter' and 'Long' to plugin 'org.apache.kafka.connect.converters.LongConverter' (org.apache.kafka.connect.runtime.isolation.DelegatingClassLoader:430)
[2024-08-12 23:59:41,243] INFO Added aliases 'ShortConverter' and 'Short' to plugin 'org.apache.kafka.connect.converters.ShortConverter' (org.apache.kafka.connect.runtime.isolation.DelegatingClassLoader:430)
[2024-08-12 23:59:41,243] INFO Added aliases 'JsonConverter' and 'Json' to plugin 'org.apache.kafka.connect.json.JsonConverter' (org.apache.kafka.connect.runtime.isolation.DelegatingClassLoader:430)
[2024-08-12 23:59:41,243] INFO Added alias 'SimpleHeaderConverter' to plugin 'org.apache.kafka.connect.storage.SimpleHeaderConverter' (org.apache.kafka.connect.runtime.isolation.DelegatingClassLoader:427)
[2024-08-12 23:59:41,243] INFO Added aliases 'StringConverter' and 'String' to plugin 'org.apache.kafka.connect.storage.StringConverter' (org.apache.kafka.connect.runtime.isolation.DelegatingClassLoader:430)
[2024-08-12 23:59:41,244] INFO Added aliases 'PredicatedTransformation' and 'Predicated' to plugin 'org.apache.kafka.connect.runtime.PredicatedTransformation' (org.apache.kafka.connect.runtime.isolation.DelegatingClassLoader:430)
[2024-08-12 23:59:41,244] INFO Added alias 'Filter' to plugin 'org.apache.kafka.connect.transforms.Filter' (org.apache.kafka.connect.runtime.isolation.DelegatingClassLoader:427)
[2024-08-12 23:59:41,244] INFO Added alias 'RegexRouter' to plugin 'org.apache.kafka.connect.transforms.RegexRouter' (org.apache.kafka.connect.runtime.isolation.DelegatingClassLoader:427)
[2024-08-12 23:59:41,244] INFO Added alias 'TimestampRouter' to plugin 'org.apache.kafka.connect.transforms.TimestampRouter' (org.apache.kafka.connect.runtime.isolation.DelegatingClassLoader:427)
[2024-08-12 23:59:41,244] INFO Added alias 'ValueToKey' to plugin 'org.apache.kafka.connect.transforms.ValueToKey' (org.apache.kafka.connect.runtime.isolation.DelegatingClassLoader:427)
[2024-08-12 23:59:41,244] INFO Added alias 'HasHeaderKey' to plugin 'org.apache.kafka.connect.transforms.predicates.HasHeaderKey' (org.apache.kafka.connect.runtime.isolation.DelegatingClassLoader:427)
[2024-08-12 23:59:41,244] INFO Added alias 'RecordIsTombstone' to plugin 'org.apache.kafka.connect.transforms.predicates.RecordIsTombstone' (org.apache.kafka.connect.runtime.isolation.DelegatingClassLoader:427)
[2024-08-12 23:59:41,244] INFO Added alias 'TopicNameMatches' to plugin 'org.apache.kafka.connect.transforms.predicates.TopicNameMatches' (org.apache.kafka.connect.runtime.isolation.DelegatingClassLoader:427)
[2024-08-12 23:59:41,244] INFO Added alias 'BasicAuthSecurityRestExtension' to plugin 'org.apache.kafka.connect.rest.basic.auth.extension.BasicAuthSecurityRestExtension' (org.apache.kafka.connect.runtime.isolation.DelegatingClassLoader:427)
[2024-08-12 23:59:41,244] INFO Added aliases 'AllConnectorClientConfigOverridePolicy' and 'All' to plugin 'org.apache.kafka.connect.connector.policy.AllConnectorClientConfigOverridePolicy' (org.apache.kafka.connect.runtime.isolation.DelegatingClassLoader:430)
[2024-08-12 23:59:41,244] INFO Added aliases 'NoneConnectorClientConfigOverridePolicy' and 'None' to plugin 'org.apache.kafka.connect.connector.policy.NoneConnectorClientConfigOverridePolicy' (org.apache.kafka.connect.runtime.isolation.DelegatingClassLoader:430)
[2024-08-12 23:59:41,244] INFO Added aliases 'PrincipalConnectorClientConfigOverridePolicy' and 'Principal' to plugin 'org.apache.kafka.connect.connector.policy.PrincipalConnectorClientConfigOverridePolicy' (org.apache.kafka.connect.runtime.isolation.DelegatingClassLoader:430)
[2024-08-12 23:59:41,314] INFO DistributedConfig values: 
	access.control.allow.methods = 
	access.control.allow.origin = 
	admin.listeners = null
	bootstrap.servers = [localhost:9092]
	client.dns.lookup = use_all_dns_ips
	client.id = 
	config.providers = []
	config.storage.replication.factor = 1
	config.storage.topic = connect-configs
	connect.protocol = sessioned
	connections.max.idle.ms = 540000
	connector.client.config.override.policy = None
	group.id = connect-cluster
	header.converter = class org.apache.kafka.connect.storage.SimpleHeaderConverter
	heartbeat.interval.ms = 3000
	inter.worker.key.generation.algorithm = HmacSHA256
	inter.worker.key.size = null
	inter.worker.key.ttl.ms = 3600000
	inter.worker.signature.algorithm = HmacSHA256
	inter.worker.verification.algorithms = [HmacSHA256]
	internal.key.converter = class org.apache.kafka.connect.json.JsonConverter
	internal.value.converter = class org.apache.kafka.connect.json.JsonConverter
	key.converter = class org.apache.kafka.connect.json.JsonConverter
	listeners = null
	metadata.max.age.ms = 300000
	metric.reporters = []
	metrics.num.samples = 2
	metrics.recording.level = INFO
	metrics.sample.window.ms = 30000
	offset.flush.interval.ms = 10000
	offset.flush.timeout.ms = 5000
	offset.storage.partitions = 25
	offset.storage.replication.factor = 1
	offset.storage.topic = connect-offsets
	plugin.path = null
	rebalance.timeout.ms = 60000
	receive.buffer.bytes = 32768
	reconnect.backoff.max.ms = 1000
	reconnect.backoff.ms = 50
	request.timeout.ms = 40000
	response.http.headers.config = 
	rest.advertised.host.name = null
	rest.advertised.listener = null
	rest.advertised.port = null
	rest.extension.classes = []
	rest.host.name = null
	rest.port = 8083
	retry.backoff.ms = 100
	sasl.client.callback.handler.class = null
	sasl.jaas.config = null
	sasl.kerberos.kinit.cmd = /usr/bin/kinit
	sasl.kerberos.min.time.before.relogin = 60000
	sasl.kerberos.service.name = null
	sasl.kerberos.ticket.renew.jitter = 0.05
	sasl.kerberos.ticket.renew.window.factor = 0.8
	sasl.login.callback.handler.class = null
	sasl.login.class = null
	sasl.login.refresh.buffer.seconds = 300
	sasl.login.refresh.min.period.seconds = 60
	sasl.login.refresh.window.factor = 0.8
	sasl.login.refresh.window.jitter = 0.05
	sasl.mechanism = GSSAPI
	scheduled.rebalance.max.delay.ms = 300000
	security.protocol = PLAINTEXT
	send.buffer.bytes = 131072
	session.timeout.ms = 10000
	socket.connection.setup.timeout.max.ms = 127000
	socket.connection.setup.timeout.ms = 10000
	ssl.cipher.suites = null
	ssl.client.auth = none
	ssl.enabled.protocols = [TLSv1.2, TLSv1.3]
	ssl.endpoint.identification.algorithm = https
	ssl.engine.factory.class = null
	ssl.key.password = null
	ssl.keymanager.algorithm = SunX509
	ssl.keystore.certificate.chain = null
	ssl.keystore.key = null
	ssl.keystore.location = null
	ssl.keystore.password = null
	ssl.keystore.type = JKS
	ssl.protocol = TLSv1.3
	ssl.provider = null
	ssl.secure.random.implementation = null
	ssl.trustmanager.algorithm = PKIX
	ssl.truststore.certificates = null
	ssl.truststore.location = null
	ssl.truststore.password = null
	ssl.truststore.type = JKS
	status.storage.partitions = 5
	status.storage.replication.factor = 1
	status.storage.topic = connect-status
	task.shutdown.graceful.timeout.ms = 5000
	topic.creation.enable = true
	topic.tracking.allow.reset = true
	topic.tracking.enable = true
	value.converter = class org.apache.kafka.connect.json.JsonConverter
	worker.sync.timeout.ms = 3000
	worker.unsync.backoff.ms = 300000
 (org.apache.kafka.connect.runtime.distributed.DistributedConfig:361)
[2024-08-12 23:59:41,314] WARN Variables cannot be used in the 'plugin.path' property, since the property is used by plugin scanning before the config providers that replace the variables are initialized. The raw value 'null' was used for plugin scanning, as opposed to the transformed value 'null', and this may cause unexpected results. (org.apache.kafka.connect.runtime.WorkerConfig:420)
[2024-08-12 23:59:41,322] INFO Creating Kafka admin client (org.apache.kafka.connect.util.ConnectUtils:49)
[2024-08-12 23:59:41,324] INFO AdminClientConfig values: 
	bootstrap.servers = [localhost:9092]
	client.dns.lookup = use_all_dns_ips
	client.id = 
	connections.max.idle.ms = 300000
	default.api.timeout.ms = 60000
	metadata.max.age.ms = 300000
	metric.reporters = []
	metrics.num.samples = 2
	metrics.recording.level = INFO
	metrics.sample.window.ms = 30000
	receive.buffer.bytes = 65536
	reconnect.backoff.max.ms = 1000
	reconnect.backoff.ms = 50
	request.timeout.ms = 30000
	retries = 2147483647
	retry.backoff.ms = 100
	sasl.client.callback.handler.class = null
	sasl.jaas.config = null
	sasl.kerberos.kinit.cmd = /usr/bin/kinit
	sasl.kerberos.min.time.before.relogin = 60000
	sasl.kerberos.service.name = null
	sasl.kerberos.ticket.renew.jitter = 0.05
	sasl.kerberos.ticket.renew.window.factor = 0.8
	sasl.login.callback.handler.class = null
	sasl.login.class = null
	sasl.login.refresh.buffer.seconds = 300
	sasl.login.refresh.min.period.seconds = 60
	sasl.login.refresh.window.factor = 0.8
	sasl.login.refresh.window.jitter = 0.05
	sasl.mechanism = GSSAPI
	security.protocol = PLAINTEXT
	security.providers = null
	send.buffer.bytes = 131072
	socket.connection.setup.timeout.max.ms = 127000
	socket.connection.setup.timeout.ms = 10000
	ssl.cipher.suites = null
	ssl.enabled.protocols = [TLSv1.2, TLSv1.3]
	ssl.endpoint.identification.algorithm = https
	ssl.engine.factory.class = null
	ssl.key.password = null
	ssl.keymanager.algorithm = SunX509
	ssl.keystore.certificate.chain = null
	ssl.keystore.key = null
	ssl.keystore.location = null
	ssl.keystore.password = null
	ssl.keystore.type = JKS
	ssl.protocol = TLSv1.3
	ssl.provider = null
	ssl.secure.random.implementation = null
	ssl.trustmanager.algorithm = PKIX
	ssl.truststore.certificates = null
	ssl.truststore.location = null
	ssl.truststore.password = null
	ssl.truststore.type = JKS
 (org.apache.kafka.clients.admin.AdminClientConfig:361)
[2024-08-12 23:59:41,386] WARN The configuration 'config.storage.topic' was supplied but isn't a known config. (org.apache.kafka.clients.admin.AdminClientConfig:369)
[2024-08-12 23:59:41,386] WARN The configuration 'status.storage.topic' was supplied but isn't a known config. (org.apache.kafka.clients.admin.AdminClientConfig:369)
[2024-08-12 23:59:41,386] WARN The configuration 'group.id' was supplied but isn't a known config. (org.apache.kafka.clients.admin.AdminClientConfig:369)
[2024-08-12 23:59:41,386] WARN The configuration 'config.storage.replication.factor' was supplied but isn't a known config. (org.apache.kafka.clients.admin.AdminClientConfig:369)
[2024-08-12 23:59:41,386] WARN The configuration 'offset.flush.interval.ms' was supplied but isn't a known config. (org.apache.kafka.clients.admin.AdminClientConfig:369)
[2024-08-12 23:59:41,386] WARN The configuration 'key.converter.schemas.enable' was supplied but isn't a known config. (org.apache.kafka.clients.admin.AdminClientConfig:369)
[2024-08-12 23:59:41,386] WARN The configuration 'status.storage.replication.factor' was supplied but isn't a known config. (org.apache.kafka.clients.admin.AdminClientConfig:369)
[2024-08-12 23:59:41,386] WARN The configuration 'value.converter.schemas.enable' was supplied but isn't a known config. (org.apache.kafka.clients.admin.AdminClientConfig:369)
[2024-08-12 23:59:41,387] WARN The configuration 'offset.storage.replication.factor' was supplied but isn't a known config. (org.apache.kafka.clients.admin.AdminClientConfig:369)
[2024-08-12 23:59:41,387] WARN The configuration 'offset.storage.topic' was supplied but isn't a known config. (org.apache.kafka.clients.admin.AdminClientConfig:369)
[2024-08-12 23:59:41,387] WARN The configuration 'value.converter' was supplied but isn't a known config. (org.apache.kafka.clients.admin.AdminClientConfig:369)
[2024-08-12 23:59:41,387] WARN The configuration 'key.converter' was supplied but isn't a known config. (org.apache.kafka.clients.admin.AdminClientConfig:369)
[2024-08-12 23:59:41,387] INFO Kafka version: 2.7.0 (org.apache.kafka.common.utils.AppInfoParser:119)
[2024-08-12 23:59:41,388] INFO Kafka commitId: 448719dc99a19793 (org.apache.kafka.common.utils.AppInfoParser:120)
[2024-08-12 23:59:41,388] INFO Kafka startTimeMs: 1723474781387 (org.apache.kafka.common.utils.AppInfoParser:121)
[2024-08-12 23:59:41,691] INFO Kafka cluster ID: yYAqs6n3T56wpanuWwNwlg (org.apache.kafka.connect.util.ConnectUtils:65)
[2024-08-12 23:59:41,694] INFO App info kafka.admin.client for adminclient-1 unregistered (org.apache.kafka.common.utils.AppInfoParser:83)
[2024-08-12 23:59:41,702] INFO Metrics scheduler closed (org.apache.kafka.common.metrics.Metrics:668)
[2024-08-12 23:59:41,703] INFO Closing reporter org.apache.kafka.common.metrics.JmxReporter (org.apache.kafka.common.metrics.Metrics:672)
[2024-08-12 23:59:41,703] INFO Metrics reporters closed (org.apache.kafka.common.metrics.Metrics:678)
[2024-08-12 23:59:41,716] INFO Logging initialized @2582ms to org.eclipse.jetty.util.log.Slf4jLog (org.eclipse.jetty.util.log:169)
[2024-08-12 23:59:41,745] INFO Added connector for http://:8083 (org.apache.kafka.connect.runtime.rest.RestServer:132)
[2024-08-12 23:59:41,746] INFO Initializing REST server (org.apache.kafka.connect.runtime.rest.RestServer:204)
[2024-08-12 23:59:41,751] INFO jetty-9.4.33.v20201020; built: 2020-10-20T23:39:24.803Z; git: 1be68755656cef678b79a2ef1c2ebbca99e25420; jvm 17.0.8.1+1 (org.eclipse.jetty.server.Server:375)
[2024-08-12 23:59:41,763] ERROR Stopping due to error (org.apache.kafka.connect.cli.ConnectDistributed:84)
org.apache.kafka.connect.errors.ConnectException: Unable to initialize REST server
	at org.apache.kafka.connect.runtime.rest.RestServer.initializeServer(RestServer.java:216)
	at org.apache.kafka.connect.cli.ConnectDistributed.startConnect(ConnectDistributed.java:99)
	at org.apache.kafka.connect.cli.ConnectDistributed.main(ConnectDistributed.java:78)
Caused by: java.io.IOException: Failed to bind to 0.0.0.0/0.0.0.0:8083
	at org.eclipse.jetty.server.ServerConnector.openAcceptChannel(ServerConnector.java:349)
	at org.eclipse.jetty.server.ServerConnector.open(ServerConnector.java:310)
	at org.eclipse.jetty.server.AbstractNetworkConnector.doStart(AbstractNetworkConnector.java:80)
	at org.eclipse.jetty.server.ServerConnector.doStart(ServerConnector.java:234)
	at org.eclipse.jetty.util.component.AbstractLifeCycle.start(AbstractLifeCycle.java:72)
	at org.eclipse.jetty.server.Server.doStart(Server.java:401)
	at org.eclipse.jetty.util.component.AbstractLifeCycle.start(AbstractLifeCycle.java:72)
	at org.apache.kafka.connect.runtime.rest.RestServer.initializeServer(RestServer.java:214)
	... 2 more
Caused by: java.net.BindException: Address already in use
	at java.base/sun.nio.ch.Net.bind0(Native Method)
	at java.base/sun.nio.ch.Net.bind(Net.java:555)
	at java.base/sun.nio.ch.ServerSocketChannelImpl.netBind(ServerSocketChannelImpl.java:337)
	at java.base/sun.nio.ch.ServerSocketChannelImpl.bind(ServerSocketChannelImpl.java:294)
	at java.base/sun.nio.ch.ServerSocketAdaptor.bind(ServerSocketAdaptor.java:89)
	at org.eclipse.jetty.server.ServerConnector.openAcceptChannel(ServerConnector.java:345)
	... 9 more
